0 info it worked if it ends with ok
1 verbose cli [ 'node',
1 verbose cli   '/Users/reubenson1/.nvm/v0.10.41/bin/npm',
1 verbose cli   'run',
1 verbose cli   'dev' ]
2 info using npm@3.10.6
3 info using node@v0.10.41
4 verbose stack Error: Invalid name: "Reuben Son"
4 verbose stack     at ensureValidName (/Users/reubenson1/.nvm/v0.10.41/lib/node_modules/npm/node_modules/normalize-package-data/lib/fixer.js:336:15)
4 verbose stack     at Object.module.exports.fixNameField (/Users/reubenson1/.nvm/v0.10.41/lib/node_modules/npm/node_modules/normalize-package-data/lib/fixer.js:215:5)
4 verbose stack     at /Users/reubenson1/.nvm/v0.10.41/lib/node_modules/npm/node_modules/normalize-package-data/lib/normalize.js:32:38
4 verbose stack     at Array.forEach (native)
4 verbose stack     at normalize (/Users/reubenson1/.nvm/v0.10.41/lib/node_modules/npm/node_modules/normalize-package-data/lib/normalize.js:31:15)
4 verbose stack     at final (/Users/reubenson1/.nvm/v0.10.41/lib/node_modules/npm/node_modules/read-package-json/read-json.js:349:5)
4 verbose stack     at then (/Users/reubenson1/.nvm/v0.10.41/lib/node_modules/npm/node_modules/read-package-json/read-json.js:124:5)
4 verbose stack     at /Users/reubenson1/.nvm/v0.10.41/lib/node_modules/npm/node_modules/read-package-json/read-json.js:243:12
4 verbose stack     at /Users/reubenson1/.nvm/v0.10.41/lib/node_modules/npm/node_modules/graceful-fs/graceful-fs.js:78:16
4 verbose stack     at fs.js:272:14
5 verbose cwd /Users/reubenson1/Projects/reubenson.github.io
6 error Darwin 15.6.0
7 error argv "node" "/Users/reubenson1/.nvm/v0.10.41/bin/npm" "run" "dev"
8 error node v0.10.41
9 error npm  v3.10.6
10 error Invalid name: "Reuben Son"
11 error If you need help, you may report this error at:
11 error     <https://github.com/npm/npm/issues>
12 verbose exit [ 1, true ]
